e:\documents\games tech\milestone 1\adv-games-tech-coursework\template\debug\vc141.pdb
e:\documents\games tech\milestone 1\adv-games-tech-coursework\template\debug\vc141.idb
e:\documents\games tech\milestone 1\adv-games-tech-coursework\template\debug\supportbeam.obj
e:\documents\games tech\milestone 1\adv-games-tech-coursework\template\debug\splashscreen.obj
e:\documents\games tech\milestone 1\adv-games-tech-coursework\template\debug\specialfx.obj
e:\documents\games tech\milestone 1\adv-games-tech-coursework\template\debug\skybox.obj
e:\documents\games tech\milestone 1\adv-games-tech-coursework\template\debug\shippingcontainer.obj
e:\documents\games tech\milestone 1\adv-games-tech-coursework\template\debug\primitiveobject.obj
e:\documents\games tech\milestone 1\adv-games-tech-coursework\template\debug\player.obj
e:\documents\games tech\milestone 1\adv-games-tech-coursework\template\debug\openassetimportermesh.obj
e:\documents\games tech\milestone 1\adv-games-tech-coursework\template\debug\metalfloor.obj
e:\documents\games tech\milestone 1\adv-games-tech-coursework\template\debug\md2animation.obj
e:\documents\games tech\milestone 1\adv-games-tech-coursework\template\debug\material.obj
e:\documents\games tech\milestone 1\adv-games-tech-coursework\template\debug\lighting.obj
e:\documents\games tech\milestone 1\adv-games-tech-coursework\template\debug\highresolutiontimer.obj
e:\documents\games tech\milestone 1\adv-games-tech-coursework\template\debug\gamewindow.obj
e:\documents\games tech\milestone 1\adv-games-tech-coursework\template\debug\enemy.obj
e:\documents\games tech\milestone 1\adv-games-tech-coursework\template\debug\camera.obj
e:\documents\games tech\milestone 1\adv-games-tech-coursework\template\debug\boundingbox.obj
e:\documents\games tech\milestone 1\adv-games-tech-coursework\template\debug\bouncingball.obj
e:\documents\games tech\milestone 1\adv-games-tech-coursework\template\debug\audio.obj
e:\documents\games tech\milestone 1\adv-games-tech-coursework\template\debug\vector3f.obj
e:\documents\games tech\milestone 1\adv-games-tech-coursework\template\debug\texture.obj
e:\documents\games tech\milestone 1\adv-games-tech-coursework\template\debug\text.obj
e:\documents\games tech\milestone 1\adv-games-tech-coursework\template\debug\tetrahedron.obj
e:\documents\games tech\milestone 1\adv-games-tech-coursework\template\debug\terrain.obj
e:\documents\games tech\milestone 1\adv-games-tech-coursework\template\debug\game.obj
e:\documents\games tech\milestone 1\adv-games-tech-coursework\template\debug\3dmaths.obj
e:\documents\games tech\milestone 1\adv-games-tech-coursework\template\debug\entity.obj
e:\documents\games tech\milestone 1\adv-games-tech-coursework\template\debug\lamppost.obj
e:\documents\games tech\milestone 1\adv-games-tech-coursework\debug\template.exe
e:\documents\games tech\milestone 1\adv-games-tech-coursework\debug\template.ilk
e:\documents\games tech\milestone 1\adv-games-tech-coursework\debug\template.pdb
e:\documents\games tech\milestone 1\adv-games-tech-coursework\template\debug\boundingbox.obj.enc
e:\documents\games tech\milestone 1\adv-games-tech-coursework\template\debug\game.obj.enc
e:\documents\games tech\milestone 1\adv-games-tech-coursework\template\debug\player.new.obj.enc
e:\documents\games tech\milestone 1\adv-games-tech-coursework\template\debug\primitiveobject.obj.enc
e:\documents\games tech\milestone 1\adv-games-tech-coursework\template\debug\template.tlog\cl.command.1.tlog
e:\documents\games tech\milestone 1\adv-games-tech-coursework\template\debug\template.tlog\cl.read.1.tlog
e:\documents\games tech\milestone 1\adv-games-tech-coursework\template\debug\template.tlog\cl.write.1.tlog
e:\documents\games tech\milestone 1\adv-games-tech-coursework\template\debug\template.tlog\link.command.1.tlog
e:\documents\games tech\milestone 1\adv-games-tech-coursework\template\debug\template.tlog\link.read.1.tlog
e:\documents\games tech\milestone 1\adv-games-tech-coursework\template\debug\template.tlog\link.write.1.tlog
