  3DMaths.cpp
  Audio.cpp
  BouncingBall.cpp
  BoundingBox.cpp
  Camera.cpp
  Enemy.cpp
  Entity.cpp
  ExplosionSprite.cpp
  Game.cpp
e:\projects\adv-games-tech-resit\resit\adv-games-tech-resit\template\game.cpp(164): warning C4996: 'sprintf': This function or variable may be unsafe. Consider using sprintf_s instead. To disable deprecation, use _CRT_SECURE_NO_WARNINGS. See online help for details.
  c:\program files (x86)\windows kits\10\include\10.0.17134.0\ucrt\stdio.h(1774): note: see declaration of 'sprintf'
e:\projects\adv-games-tech-resit\resit\adv-games-tech-resit\template\game.cpp(166): warning C4996: 'strcpy': This function or variable may be unsafe. Consider using strcpy_s instead. To disable deprecation, use _CRT_SECURE_NO_WARNINGS. See online help for details.
  c:\program files (x86)\windows kits\10\include\10.0.17134.0\ucrt\string.h(133): note: see declaration of 'strcpy'
e:\projects\adv-games-tech-resit\resit\adv-games-tech-resit\template\game.cpp(167): warning C4996: 'strcat': This function or variable may be unsafe. Consider using strcat_s instead. To disable deprecation, use _CRT_SECURE_NO_WARNINGS. See online help for details.
  c:\program files (x86)\windows kits\10\include\10.0.17134.0\ucrt\string.h(90): note: see declaration of 'strcat'
e:\projects\adv-games-tech-resit\resit\adv-games-tech-resit\template\game.cpp(168): warning C4996: 'strcat': This function or variable may be unsafe. Consider using strcat_s instead. To disable deprecation, use _CRT_SECURE_NO_WARNINGS. See online help for details.
  c:\program files (x86)\windows kits\10\include\10.0.17134.0\ucrt\string.h(90): note: see declaration of 'strcat'
e:\projects\adv-games-tech-resit\resit\adv-games-tech-resit\template\game.cpp(172): warning C4996: 'sprintf': This function or variable may be unsafe. Consider using sprintf_s instead. To disable deprecation, use _CRT_SECURE_NO_WARNINGS. See online help for details.
  c:\program files (x86)\windows kits\10\include\10.0.17134.0\ucrt\stdio.h(1774): note: see declaration of 'sprintf'
e:\projects\adv-games-tech-resit\resit\adv-games-tech-resit\template\game.cpp(174): warning C4996: 'strcpy': This function or variable may be unsafe. Consider using strcpy_s instead. To disable deprecation, use _CRT_SECURE_NO_WARNINGS. See online help for details.
  c:\program files (x86)\windows kits\10\include\10.0.17134.0\ucrt\string.h(133): note: see declaration of 'strcpy'
e:\projects\adv-games-tech-resit\resit\adv-games-tech-resit\template\game.cpp(175): warning C4996: 'strcat': This function or variable may be unsafe. Consider using strcat_s instead. To disable deprecation, use _CRT_SECURE_NO_WARNINGS. See online help for details.
  c:\program files (x86)\windows kits\10\include\10.0.17134.0\ucrt\string.h(90): note: see declaration of 'strcat'
e:\projects\adv-games-tech-resit\resit\adv-games-tech-resit\template\game.cpp(176): warning C4996: 'strcat': This function or variable may be unsafe. Consider using strcat_s instead. To disable deprecation, use _CRT_SECURE_NO_WARNINGS. See online help for details.
  c:\program files (x86)\windows kits\10\include\10.0.17134.0\ucrt\string.h(90): note: see declaration of 'strcat'
  GameWindow.cpp
  Gem.cpp
  Grenade.cpp
  HighResolutionTimer.cpp
  LampPost.cpp
  Lighting.cpp
  Material.cpp
  Md2Animation.cpp
  MetalFloor.cpp
  OpenAssetImporterMesh.cpp
  Player.cpp
  Generating Code...
e:\projects\adv-games-tech-resit\resit\adv-games-tech-resit\template\game.cpp(514): warning C4715: 'Game::ProcessEvents': not all control paths return a value
e:\projects\adv-games-tech-resit\resit\adv-games-tech-resit\template\3dmaths.cpp(105): warning C4172: returning address of local variable or temporary: normal
e:\projects\adv-games-tech-resit\resit\adv-games-tech-resit\template\3dmaths.cpp(113): warning C4172: returning address of local variable or temporary: normal
  Compiling...
  PrimitiveObject.cpp
  ShippingContainer.cpp
  SkyBox.cpp
  SpecialFX.cpp
  SplashScreen.cpp
  SupportBeam.cpp
  Terrain.cpp
  Tetrahedron.cpp
  Text.cpp
  Texture.cpp
  Vector3f.cpp
  Generating Code...
  LINK : E:\Projects\Adv-Games-Tech-Resit\Resit\Adv-Games-Tech-Resit\Debug\template.exe not found or not built by the last incremental link; performing full link
  template.vcxproj -> E:\Projects\Adv-Games-Tech-Resit\Resit\Adv-Games-Tech-Resit\Debug\template.exe
